<?xml version="1.0" encoding="UTF-8"?>
<testsuite xmlns:xsi="http://www.w3.org/2001/XMLSchema-instance" xsi:noNamespaceSchemaLocation="https://maven.apache.org/surefire/maven-surefire-plugin/xsd/surefire-test-report-3.0.xsd" version="3.0" name="com.yapapp.YapApp.YapAppApplicationTests" time="7.505" tests="1" errors="0" skipped="0" failures="0">
  <properties>
[...]
</properties>
  <testcase name="contextLoads" classname="com.yapapp.YapApp.YapAppApplicationTests" time="0.387">
    <system-out><![CDATA[21:52:13.787 [main] INFO org.springframework.test.context.support.AnnotationConfigContextLoaderUtils -- Could not detect default configuration classes for test class [com.yapapp.YapApp.YapAppApplicationTests]: YapAppApplicationTests does not declare any static, non-private, non-final, nested classes annotated with @Configuration.
21:52:13.856 [main] INFO org.springframework.boot.test.context.SpringBootTestContextBootstrapper -- Found @SpringBootConfiguration com.yapapp.YapAppApplication for test class com.yapapp.YapApp.YapAppApplicationTests

  .   ____          _            __ _ _
 /\\ / ___'_ __ _ _(_)_ __  __ _ \ \ \ \
( ( )\___ | '_ | '_| | '_ \/ _` | \ \ \ \
 \\/  ___)| |_)| | | | | || (_| |  ) ) ) )
  '  |____| .__|_| |_|_| |_\__, | / / / /
 =========|_|==============|___/=/_/_/_/
 :: Spring Boot ::                (v3.1.8)

2024-04-01T21:52:14.144+05:30  INFO 24584 --- [           main] c.yapapp.YapApp.YapAppApplicationTests   : Starting YapAppApplicationTests using Java 17.0.10 with PID 24584 (started by kevin in C:\Users\kevin\OneDrive\Desktop\Projects\YapApp-Backend)
2024-04-01T21:52:14.145+05:30  INFO 24584 --- [           main] c.yapapp.YapApp.YapAppApplicationTests   : No active profile set, falling back to 1 default profile: "default"
2024-04-01T21:52:14.572+05:30  INFO 24584 --- [           main] .s.d.r.c.RepositoryConfigurationDelegate : Bootstrapping Spring Data JPA repositories in DEFAULT mode.
2024-04-01T21:52:14.623+05:30  INFO 24584 --- [           main] .s.d.r.c.RepositoryConfigurationDelegate : Finished Spring Data repository scanning in 44 ms. Found 4 JPA repository interfaces.
2024-04-01T21:52:14.972+05:30  INFO 24584 --- [           main] o.hibernate.jpa.internal.util.LogHelper  : HHH000204: Processing PersistenceUnitInfo [name: default]
2024-04-01T21:52:15.026+05:30  INFO 24584 --- [           main] org.hibernate.Version                    : HHH000412: Hibernate ORM core version 6.2.20.Final
2024-04-01T21:52:15.027+05:30  INFO 24584 --- [           main] org.hibernate.cfg.Environment            : HHH000406: Using bytecode reflection optimizer
2024-04-01T21:52:15.280+05:30  INFO 24584 --- [           main] o.s.o.j.p.SpringPersistenceUnitInfo      : No LoadTimeWeaver setup: ignoring JPA class transformer
2024-04-01T21:52:15.302+05:30  INFO 24584 --- [           main] com.zaxxer.hikari.HikariDataSource       : HikariPool-1 - Starting...
2024-04-01T21:52:17.442+05:30  INFO 24584 --- [           main] com.zaxxer.hikari.pool.HikariPool        : HikariPool-1 - Added connection com.mysql.cj.jdbc.ConnectionImpl@5fb8dc01
2024-04-01T21:52:17.444+05:30  INFO 24584 --- [           main] com.zaxxer.hikari.HikariDataSource       : HikariPool-1 - Start completed.
2024-04-01T21:52:17.707+05:30  WARN 24584 --- [           main] org.hibernate.dialect.Dialect            : HHH000511: The 5.5.0 version for [org.hibernate.dialect.MySQLDialect] is no longer supported, hence certain features may not work properly. The minimum supported version is 5.7.0. Check the community dialects project for available legacy versions.
2024-04-01T21:52:18.280+05:30  INFO 24584 --- [           main] o.h.e.t.j.p.i.JtaPlatformInitiator       : HHH000489: No JTA platform available (set 'hibernate.transaction.jta.platform' to enable JTA platform integration)
2024-04-01T21:52:19.910+05:30  INFO 24584 --- [           main] j.LocalContainerEntityManagerFactoryBean : Initialized JPA EntityManagerFactory for persistence unit 'default'
2024-04-01T21:52:20.232+05:30  INFO 24584 --- [           main] o.s.d.j.r.query.QueryEnhancerFactory     : Hibernate is in classpath; If applicable, HQL parser will be used.
2024-04-01T21:52:20.479+05:30  WARN 24584 --- [           main] JpaBaseConfiguration$JpaWebConfiguration : spring.jpa.open-in-view is enabled by default. Therefore, database queries may be performed during view rendering. Explicitly configure spring.jpa.open-in-view to disable this warning
2024-04-01T21:52:20.764+05:30  INFO 24584 --- [           main] c.yapapp.YapApp.YapAppApplicationTests   : Started YapAppApplicationTests in 6.801 seconds (process running for 7.43)
]]></system-out>
  </testcase>
</testsuite>